   time            part    x    y    z
8  0.14  Shoulder_right  0.0  0.0  0.0
-----------------------
   time      part    x    y    z
2  0.14  Hip_left  0.0  0.0  0.0
-----------------------
   time       part    x    y    z
9  0.14  Knee_left  0.0  0.0  0.0
-----------------------
   time         part    x    y    z
7  0.14  Ankle_right  0.0  0.0  0.0
-----------------------
   time        part    x    y    z
1  0.14  Hip_center  0.0  0.0  0.0
-----------------------
   time        part    x    y    z
0  0.14  Foot_right  0.0  0.0  0.0
-----------------------
    time       part    x    y    z
10  0.14  Foot_left  0.0  0.0  0.0
-----------------------
   time       part    x    y    z
3  0.14  Hand_left  0.0  0.0  0.0
-----------------------
   time         part    x    y    z
6  0.14  Wrist_right  0.0  0.0  0.0
-----------------------
   time   part    x    y    z
5  0.14  Spine  0.0  0.0  0.0
-----------------------
   time           part    x    y    z
4  0.14  Shoulder_left  0.0  0.0  0.0
-----------------------
    time        part    x    y    z
11  0.14  Ankle_left  0.0  0.0  0.0
-----------------------
     time        part    x    y    z
14  0.281  Wrist_left  0.0  0.0  0.0
-----------------------
     time       part    x    y    z
13  0.281  Hip_right  0.0  0.0  0.0
-----------------------
0.281|Head|[0.14, 'Head', 0.0, 0.0, 0.0]
   time      part    x    y    z
2  0.14  Hip_left  0.0  0.0  0.0
-----------------------
   time       part    x    y    z
3  0.14  Hand_left  0.0  0.0  0.0
-----------------------
   time       part    x    y    z
9  0.14  Knee_left  0.0  0.0  0.0
-----------------------
   time         part    x    y    z
7  0.14  Ankle_right  0.0  0.0  0.0
-----------------------
   time         part    x    y    z
6  0.14  Wrist_right  0.0  0.0  0.0
-----------------------
   time           part    x    y    z
4  0.14  Shoulder_left  0.0  0.0  0.0
-----------------------
   time        part    x    y    z
0  0.14  Foot_right  0.0  0.0  0.0
-----------------------
   time            part    x    y    z
8  0.14  Shoulder_right  0.0  0.0  0.0
-----------------------
   time        part    x    y    z
1  0.14  Hip_center  0.0  0.0  0.0
-----------------------
    time       part    x    y    z
10  0.14  Foot_left  0.0  0.0  0.0
-----------------------
    time        part    x    y    z
11  0.14  Ankle_left  0.0  0.0  0.0
-----------------------
   time   part    x    y    z
5  0.14  Spine  0.0  0.0  0.0
-----------------------
0.281|Hip_left|[0.14, 'Hip_left', 0.0, 0.0, 0.0]
0.281|Hand_left|[0.14, 'Hand_left', 0.0, 0.0, 0.0]
0.281|Knee_left|[0.14, 'Knee_left', 0.0, 0.0, 0.0]
0.281|Elbow_left|[0.14, 'Elbow_left', 0.0, 0.0, 0.0]
     time        part    x    y    z
15  0.281  Knee_Right  0.0  0.0  0.0
-----------------------
0.281|Ankle_right|[0.14, 'Ankle_right', 0.0, 0.0, 0.0]
0.281|Wrist_right|[0.14, 'Wrist_right', 0.0, 0.0, 0.0]
0.281|Shoulder_left|[0.14, 'Shoulder_left', 0.0, 0.0, 0.0]
0.281|Foot_right|[0.14, 'Foot_right', 0.0, 0.0, 0.0]
0.281|Shoulder_right|[0.14, 'Shoulder_right', 0.0, 0.0, 0.0]
     time             part    x    y    z
17  0.281  Shoulder_center  0.0  0.0  0.0
-----------------------
     time         part    x    y    z
16  0.281  Elbow_right  0.0  0.0  0.0
-----------------------
0.281|Hip_center|[0.14, 'Hip_center', 0.0, 0.0, 0.0]
0.281|Foot_left|[0.14, 'Foot_left', 0.0, 0.0, 0.0]
0.281|Ankle_left|[0.14, 'Ankle_left', 0.0, 0.0, 0.0]
     time        part    x    y    z
12  0.281  Hand_right  0.0  0.0  0.0
-----------------------
     time        part    x    y    z
14  0.281  Wrist_left  0.0  0.0  0.0
-----------------------
     time       part    x    y    z
13  0.281  Hip_right  0.0  0.0  0.0
-----------------------
0.281|Spine|[0.14, 'Spine', 0.0, 0.0, 0.0]
     time  part      x      y      z
21  0.443  Head -0.018  0.522 -0.119
-----------------------
     time      part      x      y      z
30  0.443  Hip_left -0.049 -0.122 -0.043
-----------------------
     time       part      x     y      z
25  0.443  Hand_left -0.229 -0.36 -0.072
-----------------------
     time       part      x      y      z
31  0.443  Knee_left -0.056 -0.447 -0.113
-----------------------
     time        part      x      y      z
23  0.443  Elbow_left -0.219 -0.053 -0.095
-----------------------
     time        part     x      y     z
34  0.443  Knee_Right  0.05 -0.472 -0.15
-----------------------
     time         part      x      y      z
35  0.443  Ankle_right  0.016 -0.782 -0.211
-----------------------
     time         part      x      y     z
28  0.443  Wrist_right  0.274 -0.248 -0.15
-----------------------
     time           part      x      y     z
22  0.443  Shoulder_left -0.164  0.195 -0.08
-----------------------
0.44299999999999995|Foot_right|[0.281, 'Foot_right', 0.0, 0.0, 0.0]
     time            part      x      y      z
26  0.443  Shoulder_right  0.147  0.207 -0.142
-----------------------
     time             part      x      y      z
20  0.443  Shoulder_center -0.012  0.334 -0.132
-----------------------
     time         part      x      y     z
27  0.443  Elbow_right  0.199 -0.035 -0.15
-----------------------
     time        part      x      y      z
18  0.443  Hip_center  0.015 -0.049 -0.067
-----------------------
0.44299999999999995|Foot_left|[0.281, 'Foot_left', 0.0, 0.0, 0.0]
     time        part      x      y      z
32  0.443  Ankle_left -0.062 -0.795 -0.177
-----------------------
     time        part      x      y      z
29  0.443  Hand_right  0.273 -0.287 -0.151
-----------------------
     time        part      x      y      z
24  0.443  Wrist_left -0.237 -0.268 -0.077
-----------------------
     time       part      x      y      z
33  0.443  Hip_right  0.093 -0.116 -0.065
-----------------------
     time   part      x      y      z
19  0.443  Spine  0.002  0.005 -0.121
-----------------------
    time  part      x      y      z
39  0.59  Head -0.018  0.522 -0.118
-----------------------
    time      part      x      y      z
48  0.59  Hip_left -0.047 -0.124 -0.043
-----------------------
    time       part      x     y      z
43  0.59  Hand_left -0.228 -0.36 -0.071
-----------------------
    time       part      x      y      z
49  0.59  Knee_left -0.057 -0.446 -0.112
-----------------------
    time        part     x      y      z
41  0.59  Elbow_left -0.22 -0.052 -0.095
-----------------------
    time        part      x      y      z
52  0.59  Knee_Right  0.049 -0.472 -0.149
-----------------------
    time         part      x      y     z
53  0.59  Ankle_right  0.015 -0.782 -0.21
-----------------------
    time         part      x      y      z
46  0.59  Wrist_right  0.275 -0.248 -0.153
-----------------------
    time           part      x      y      z
40  0.59  Shoulder_left -0.163  0.195 -0.079
-----------------------
0.59|Foot_right|[0.44299999999999995, 'Foot_right', 0.0, 0.0, 0.0]
    time            part      x      y     z
44  0.59  Shoulder_right  0.146  0.205 -0.14
-----------------------
    time             part      x      y      z
38  0.59  Shoulder_center -0.012  0.334 -0.132
-----------------------
    time         part      x      y     z
45  0.59  Elbow_right  0.199 -0.035 -0.15
-----------------------
    time        part      x     y      z
36  0.59  Hip_center  0.016 -0.05 -0.067
-----------------------
0.59|Foot_left|[0.44299999999999995, 'Foot_left', 0.0, 0.0, 0.0]
    time        part      x      y      z
50  0.59  Ankle_left -0.063 -0.796 -0.177
-----------------------
    time        part      x      y      z
47  0.59  Hand_right  0.275 -0.287 -0.152
-----------------------
    time        part      x      y      z
42  0.59  Wrist_left -0.237 -0.268 -0.076
-----------------------
    time       part      x      y      z
51  0.59  Hip_right  0.093 -0.116 -0.065
-----------------------
    time   part      x      y      z
37  0.59  Spine  0.003  0.004 -0.121
-----------------------
     time  part      x      y      z
57  0.878  Head -0.014  0.522 -0.116
-----------------------
     time      part      x      y      z
66  0.878  Hip_left -0.045 -0.125 -0.045
-----------------------
     time       part     x      y      z
61  0.878  Hand_left -0.23 -0.303 -0.073
-----------------------
     time       part      x      y      z
67  0.878  Knee_left -0.056 -0.446 -0.113
-----------------------
     time        part      x      y      z
59  0.878  Elbow_left -0.219 -0.051 -0.096
-----------------------
     time        part     x      y     z
70  0.878  Knee_Right  0.05 -0.472 -0.15
-----------------------
     time         part      x      y      z
71  0.878  Ankle_right  0.019 -0.782 -0.212
-----------------------
     time         part      x      y      z
64  0.878  Wrist_right  0.278 -0.247 -0.158
-----------------------
     time           part      x      y     z
58  0.878  Shoulder_left -0.163  0.195 -0.08
-----------------------
0.878|Foot_right|[0.59, 'Foot_right', 0.0, 0.0, 0.0]
     time            part      x      y      z
62  0.878  Shoulder_right  0.147  0.203 -0.138
-----------------------
     time             part      x      y      z
56  0.878  Shoulder_center -0.011  0.334 -0.134
-----------------------
     time         part    x      y      z
63  0.878  Elbow_right  0.2 -0.034 -0.151
-----------------------
     time        part      x     y      z
54  0.878  Hip_center  0.019 -0.05 -0.069
-----------------------
0.878|Foot_left|[0.59, 'Foot_left', 0.0, 0.0, 0.0]
     time        part     x      y      z
68  0.878  Ankle_left -0.06 -0.796 -0.179
-----------------------
     time        part      x      y      z
65  0.878  Hand_right  0.281 -0.287 -0.153
-----------------------
     time        part      x      y      z
60  0.878  Wrist_left -0.234 -0.267 -0.072
-----------------------
     time       part      x      y      z
69  0.878  Hip_right  0.095 -0.113 -0.066
-----------------------
     time   part      x      y      z
55  0.878  Spine  0.006  0.004 -0.123
-----------------------
     time  part      x      y      z
75  1.122  Head -0.016  0.523 -0.115
-----------------------
     time      part     x      y      z
84  1.122  Hip_left -0.07 -0.123 -0.033
-----------------------
     time       part      x    y      z
79  1.122  Hand_left -0.259 -0.3 -0.078
-----------------------
     time       part      x      y      z
85  1.122  Knee_left -0.057 -0.446 -0.113
-----------------------
     time        part      x      y      z
77  1.122  Elbow_left -0.216 -0.049 -0.092
-----------------------
     time        part      x      y     z
88  1.122  Knee_Right  0.051 -0.468 -0.15
-----------------------
     time         part      x      y      z
89  1.122  Ankle_right  0.025 -0.782 -0.217
-----------------------
     time         part      x      y      z
82  1.122  Wrist_right  0.248 -0.251 -0.145
-----------------------
     time           part      x      y      z
76  1.122  Shoulder_left -0.163  0.195 -0.079
-----------------------
1.122|Foot_right|[0.878, 'Foot_right', 0.0, 0.0, 0.0]
     time            part      x    y      z
80  1.122  Shoulder_right  0.145  0.2 -0.133
-----------------------
     time             part     x      y     z
74  1.122  Shoulder_center -0.01  0.334 -0.13
-----------------------
     time         part    x      y      z
81  1.122  Elbow_right  0.2 -0.035 -0.147
-----------------------
     time        part    x      y      z
72  1.122  Hip_center  0.0 -0.052 -0.059
-----------------------
1.122|Foot_left|[0.878, 'Foot_left', 0.0, 0.0, 0.0]
     time        part     x     y      z
86  1.122  Ankle_left -0.05 -0.79 -0.183
-----------------------
     time        part      x      y      z
83  1.122  Hand_right  0.249 -0.296 -0.136
-----------------------
     time        part      x      y     z
78  1.122  Wrist_left -0.261 -0.265 -0.08
-----------------------
     time       part      x      y      z
87  1.122  Hip_right  0.071 -0.118 -0.054
-----------------------
     time   part      x      y      z
73  1.122  Spine -0.009  0.002 -0.113
-----------------------
     time  part      x      y     z
93  1.373  Head -0.016  0.524 -0.11
-----------------------
      time      part     x      y      z
102  1.373  Hip_left -0.07 -0.124 -0.032
-----------------------
     time       part      x      y     z
97  1.373  Hand_left -0.258 -0.302 -0.08
-----------------------
      time       part      x      y      z
103  1.373  Knee_left -0.057 -0.446 -0.113
-----------------------
     time        part      x     y      z
95  1.373  Elbow_left -0.217 -0.05 -0.092
-----------------------
      time        part     x     y      z
106  1.373  Knee_Right  0.05 -0.47 -0.151
-----------------------
      time         part      x      y      z
107  1.373  Ankle_right  0.025 -0.781 -0.216
-----------------------
      time         part      x     y      z
100  1.373  Wrist_right  0.248 -0.25 -0.144
-----------------------
     time           part      x      y      z
94  1.373  Shoulder_left -0.162  0.194 -0.077
-----------------------
1.3730000000000002|Foot_right|[1.122, 'Foot_right', 0.0, 0.0, 0.0]
     time            part      x    y      z
98  1.373  Shoulder_right  0.145  0.2 -0.131
-----------------------
     time             part      x      y      z
92  1.373  Shoulder_center -0.011  0.334 -0.128
-----------------------
     time         part      x      y      z
99  1.373  Elbow_right  0.201 -0.034 -0.144
-----------------------
     time        part    x      y      z
90  1.373  Hip_center  0.0 -0.051 -0.057
-----------------------
1.3730000000000002|Foot_left|[1.122, 'Foot_left', 0.0, 0.0, 0.0]
      time        part     x     y      z
104  1.373  Ankle_left -0.05 -0.79 -0.183
-----------------------
      time        part     x      y      z
101  1.373  Hand_right  0.25 -0.294 -0.135
-----------------------
     time        part     x      y      z
96  1.373  Wrist_left -0.26 -0.266 -0.081
-----------------------
      time       part      x      y     z
105  1.373  Hip_right  0.071 -0.117 -0.05
-----------------------
     time   part      x      y      z
91  1.373  Spine -0.009  0.003 -0.111
-----------------------
      time  part      x      y      z
111  1.605  Head -0.016  0.525 -0.108
-----------------------
      time      part      x     y      z
120  1.605  Hip_left -0.073 -0.12 -0.029
-----------------------
      time       part      x      y      z
115  1.605  Hand_left -0.259 -0.303 -0.083
-----------------------
      time       part      x      y      z
121  1.605  Knee_left -0.058 -0.445 -0.113
-----------------------
      time        part      x      y      z
113  1.605  Elbow_left -0.218 -0.049 -0.093
-----------------------
      time        part      x      y     z
124  1.605  Knee_Right  0.049 -0.471 -0.15
-----------------------
      time         part      x      y      z
125  1.605  Ankle_right  0.025 -0.781 -0.216
-----------------------
      time         part      x      y      z
118  1.605  Wrist_right  0.243 -0.248 -0.138
-----------------------
      time           part      x      y      z
112  1.605  Shoulder_left -0.163  0.197 -0.077
-----------------------
1.605|Foot_right|[1.3730000000000002, 'Foot_right', 0.0, 0.0, 0.0]
      time            part      x    y      z
116  1.605  Shoulder_right  0.144  0.2 -0.128
-----------------------
      time             part     x      y      z
110  1.605  Shoulder_center -0.01  0.334 -0.125
-----------------------
      time         part    x      y      z
117  1.605  Elbow_right  0.2 -0.033 -0.142
-----------------------
      time        part      x      y      z
108  1.605  Hip_center -0.003 -0.049 -0.054
-----------------------
1.605|Foot_left|[1.3730000000000002, 'Foot_left', 0.0, 0.0, 0.0]
      time        part     x      y      z
122  1.605  Ankle_left -0.05 -0.789 -0.183
-----------------------
      time        part      x      y     z
119  1.605  Hand_right  0.242 -0.315 -0.13
-----------------------
      time        part      x      y      z
114  1.605  Wrist_left -0.262 -0.264 -0.081
-----------------------
      time       part      x      y      z
123  1.605  Hip_right  0.068 -0.116 -0.048
-----------------------
      time   part      x      y      z
109  1.605  Spine -0.011  0.005 -0.108
-----------------------
      time  part      x      y      z
129  1.844  Head -0.016  0.525 -0.106
-----------------------
      time      part      x      y      z
138  1.844  Hip_left -0.053 -0.123 -0.039
-----------------------
      time       part      x      y      z
133  1.844  Hand_left -0.241 -0.303 -0.076
-----------------------
      time       part      x      y      z
139  1.844  Knee_left -0.057 -0.449 -0.115
-----------------------
      time        part      x      y      z
131  1.844  Elbow_left -0.218 -0.051 -0.093
-----------------------
      time        part      x      y     z
142  1.844  Knee_Right  0.048 -0.471 -0.15
-----------------------
      time         part      x     y      z
143  1.844  Ankle_right  0.025 -0.78 -0.216
-----------------------
      time         part      x      y      z
136  1.844  Wrist_right  0.266 -0.248 -0.147
-----------------------
      time           part      x      y      z
130  1.844  Shoulder_left -0.163  0.196 -0.075
-----------------------
1.844|Foot_right|[1.605, 'Foot_right', 0.0, 0.0, 0.0]
      time            part      x      y      z
134  1.844  Shoulder_right  0.145  0.201 -0.126
-----------------------
      time             part     x      y      z
128  1.844  Shoulder_center -0.01  0.334 -0.123
-----------------------
      time         part    x      y      z
135  1.844  Elbow_right  0.2 -0.034 -0.139
-----------------------
      time        part      x      y      z
126  1.844  Hip_center  0.011 -0.049 -0.061
-----------------------
1.844|Foot_left|[1.605, 'Foot_left', 0.0, 0.0, 0.0]
      time        part     x      y      z
140  1.844  Ankle_left -0.05 -0.789 -0.183
-----------------------
      time        part      x      y      z
137  1.844  Hand_right  0.267 -0.287 -0.142
-----------------------
      time        part      x      y      z
132  1.844  Wrist_left -0.245 -0.265 -0.074
-----------------------
      time       part      x      y      z
141  1.844  Hip_right  0.085 -0.113 -0.059
-----------------------
      time   part    x      y      z
127  1.844  Spine  0.0  0.005 -0.114
-----------------------
      time  part      x      y      z
147  2.077  Head -0.016  0.524 -0.105
-----------------------
      time      part      x      y     z
156  2.077  Hip_left -0.052 -0.126 -0.04
-----------------------
      time       part      x      y      z
151  2.077  Hand_left -0.242 -0.302 -0.073
-----------------------
      time       part      x     y      z
157  2.077  Knee_left -0.055 -0.45 -0.116
-----------------------
      time        part      x     y      z
149  2.077  Elbow_left -0.218 -0.05 -0.092
-----------------------
      time        part      x      y     z
160  2.077  Knee_Right  0.049 -0.471 -0.15
-----------------------
      time         part      x     y      z
161  2.077  Ankle_right  0.026 -0.78 -0.216
-----------------------
      time         part      x      y      z
154  2.077  Wrist_right  0.274 -0.247 -0.139
-----------------------
      time           part      x      y      z
148  2.077  Shoulder_left -0.163  0.196 -0.075
-----------------------
2.077|Foot_right|[1.844, 'Foot_right', 0.0, 0.0, 0.0]
      time            part      x      y      z
152  2.077  Shoulder_right  0.145  0.199 -0.125
-----------------------
      time             part     x      y      z
146  2.077  Shoulder_center -0.01  0.334 -0.123
-----------------------
      time         part      x      y      z
153  2.077  Elbow_right  0.199 -0.035 -0.138
-----------------------
      time        part      x      y      z
144  2.077  Hip_center  0.012 -0.051 -0.063
-----------------------
2.077|Foot_left|[1.844, 'Foot_left', 0.0, 0.0, 0.0]
      time        part     x      y      z
158  2.077  Ankle_left -0.05 -0.788 -0.183
-----------------------
      time        part     x      y      z
155  2.077  Hand_right  0.28 -0.293 -0.125
-----------------------
      time        part      x      y      z
150  2.077  Wrist_left -0.245 -0.265 -0.072
-----------------------
      time       part      x      y      z
159  2.077  Hip_right  0.086 -0.115 -0.062
-----------------------
      time   part      x      y      z
145  2.077  Spine  0.001  0.004 -0.116
-----------------------
     time  part      x      y      z
165  2.31  Head -0.014  0.524 -0.105
-----------------------
     time      part      x      y      z
174  2.31  Hip_left -0.053 -0.127 -0.036
-----------------------
     time       part      x      y      z
169  2.31  Hand_left -0.242 -0.303 -0.074
-----------------------
     time       part      x      y      z
175  2.31  Knee_left -0.057 -0.447 -0.114
-----------------------
     time        part      x     y      z
167  2.31  Elbow_left -0.218 -0.05 -0.092
-----------------------
     time        part      x      y     z
178  2.31  Knee_Right  0.048 -0.471 -0.15
-----------------------
     time         part      x      y      z
179  2.31  Ankle_right  0.026 -0.779 -0.217
-----------------------
     time         part      x      y      z
172  2.31  Wrist_right  0.275 -0.247 -0.129
-----------------------
     time           part      x      y      z
166  2.31  Shoulder_left -0.163  0.196 -0.075
-----------------------
2.31|Foot_right|[2.077, 'Foot_right', 0.0, 0.0, 0.0]
     time            part      x      y      z
170  2.31  Shoulder_right  0.145  0.198 -0.125
-----------------------
     time             part      x      y      z
164  2.31  Shoulder_center -0.009  0.334 -0.123
-----------------------
     time         part      x      y      z
171  2.31  Elbow_right  0.199 -0.035 -0.138
-----------------------
     time        part      x      y      z
162  2.31  Hip_center  0.012 -0.053 -0.061
-----------------------
2.31|Foot_left|[2.077, 'Foot_left', 0.0, 0.0, 0.0]
     time        part     x      y      z
176  2.31  Ankle_left -0.05 -0.788 -0.183
-----------------------
     time        part      x     y      z
173  2.31  Hand_right  0.283 -0.31 -0.107
-----------------------
     time        part      x      y      z
168  2.31  Wrist_left -0.245 -0.265 -0.074
-----------------------
     time       part      x      y      z
177  2.31  Hip_right  0.087 -0.117 -0.062
-----------------------
     time   part      x      y      z
163  2.31  Spine  0.001  0.002 -0.114
-----------------------
      time  part      x      y      z
183  2.554  Head -0.011  0.525 -0.105
-----------------------
      time      part      x     y      z
192  2.554  Hip_left -0.076 -0.12 -0.024
-----------------------
      time       part      x      y      z
187  2.554  Hand_left -0.273 -0.291 -0.043
-----------------------
      time       part      x      y      z
193  2.554  Knee_left -0.054 -0.448 -0.115
-----------------------
      time        part      x     y     z
185  2.554  Elbow_left -0.219 -0.05 -0.09
-----------------------
      time        part      x      y      z
196  2.554  Knee_Right  0.047 -0.471 -0.149
-----------------------
      time         part      x      y      z
197  2.554  Ankle_right  0.026 -0.779 -0.216
-----------------------
      time         part      x      y      z
190  2.554  Wrist_right  0.252 -0.251 -0.104
-----------------------
      time           part      x      y      z
184  2.554  Shoulder_left -0.163  0.196 -0.076
-----------------------
2.5540000000000003|Foot_right|[2.31, 'Foot_right', 0.0, 0.0, 0.0]
      time            part      x      y      z
188  2.554  Shoulder_right  0.148  0.199 -0.128
-----------------------
      time             part      x      y      z
182  2.554  Shoulder_center -0.009  0.333 -0.123
-----------------------
      time         part      x     y      z
189  2.554  Elbow_right  0.201 -0.04 -0.134
-----------------------
      time        part      x     y     z
180  2.554  Hip_center -0.006 -0.05 -0.05
-----------------------
2.5540000000000003|Foot_left|[2.31, 'Foot_left', 0.0, 0.0, 0.0]
      time        part     x      y      z
194  2.554  Ankle_left -0.05 -0.788 -0.183
-----------------------
      time        part      x      y      z
191  2.554  Hand_right  0.261 -0.306 -0.066
-----------------------
      time        part      x      y      z
186  2.554  Wrist_left -0.273 -0.261 -0.051
-----------------------
      time       part      x      y      z
195  2.554  Hip_right  0.065 -0.118 -0.044
-----------------------
      time   part      x      y      z
181  2.554  Spine -0.013  0.003 -0.105
-----------------------
      time  part      x      y     z
201  2.805  Head -0.013  0.528 -0.11
-----------------------
      time      part      x      y      z
210  2.805  Hip_left -0.075 -0.118 -0.023
-----------------------
      time       part      x      y      z
205  2.805  Hand_left -0.238 -0.253  0.134
-----------------------
      time       part      x      y      z
211  2.805  Knee_left -0.055 -0.448 -0.118
-----------------------
      time        part      x     y      z
203  2.805  Elbow_left -0.232 -0.01 -0.021
-----------------------
      time        part      x     y     z
214  2.805  Knee_Right  0.054 -0.46 -0.15
-----------------------
      time         part      x      y      z
215  2.805  Ankle_right  0.025 -0.777 -0.217
-----------------------
      time         part      x      y     z
208  2.805  Wrist_right  0.264 -0.188  0.04
-----------------------
      time           part      x      y      z
202  2.805  Shoulder_left -0.165  0.196 -0.078
-----------------------
2.805|Foot_right|[2.5540000000000003, 'Foot_right', 0.0, 0.0, 0.0]
      time            part      x      y      z
206  2.805  Shoulder_right  0.147  0.202 -0.127
-----------------------
      time             part     x      y     z
200  2.805  Shoulder_center -0.01  0.335 -0.13
-----------------------
      time         part      x      y     z
207  2.805  Elbow_right  0.219 -0.016 -0.09
-----------------------
      time        part      x      y     z
198  2.805  Hip_center -0.005 -0.047 -0.05
-----------------------
2.805|Foot_left|[2.5540000000000003, 'Foot_left', 0.0, 0.0, 0.0]
      time        part      x      y      z
212  2.805  Ankle_left -0.052 -0.786 -0.183
-----------------------
      time        part      x      y      z
209  2.805  Hand_right  0.261 -0.244  0.071
-----------------------
      time        part      x      y      z
204  2.805  Wrist_left -0.245 -0.188  0.109
-----------------------
      time       part      x      y      z
213  2.805  Hip_right  0.068 -0.114 -0.041
-----------------------
      time   part      x      y      z
199  2.805  Spine -0.012  0.005 -0.105
-----------------------
      time  part      x      y      z
219  3.072  Head -0.016  0.531 -0.122
-----------------------
      time      part      x      y      z
228  3.072  Hip_left -0.072 -0.114 -0.025
-----------------------
      time       part      x      y      z
223  3.072  Hand_left -0.214 -0.139  0.285
-----------------------
